This file contains any messages produced by compilers while
running configure, to aid debugging if configure makes a mistake.

It was created by strace2ds configure 1.0, which was
generated by GNU Autoconf 2.69.  Invocation command line was

  $ ../configure --enable-shared --disable-static --prefix=/home/nbrown/strace2ds

## --------- ##
## Platform. ##
## --------- ##

hostname = trex
uname -m = x86_64
uname -r = 3.13.0-86-generic
uname -s = Linux
uname -v = #131-Ubuntu SMP Thu May 12 23:33:13 UTC 2016

/usr/bin/uname -p = unknown
/bin/uname -X     = unknown

/bin/arch              = unknown
/usr/bin/arch -k       = unknown
/usr/convex/getsysinfo = unknown
/usr/bin/hostinfo      = unknown
/bin/machine           = unknown
/usr/bin/oslevel       = unknown
/bin/universe          = unknown

PATH: /opt/local/bin
PATH: /usr/local/sbin
PATH: /usr/local/bin
PATH: /usr/sbin
PATH: /usr/bin
PATH: /sbin
PATH: /bin
PATH: /usr/games
PATH: /usr/local/games


## ----------- ##
## Core tests. ##
## ----------- ##

configure:2407: checking for a BSD-compatible install
configure:2475: result: /usr/bin/install -c
configure:2486: checking whether build environment is sane
configure:2541: result: yes
configure:2692: checking for a thread-safe mkdir -p
configure:2731: result: /bin/mkdir -p
configure:2738: checking for gawk
configure:2754: found /usr/bin/gawk
configure:2765: result: gawk
configure:2776: checking whether make sets $(MAKE)
configure:2798: result: yes
configure:2827: checking whether make supports nested variables
configure:2844: result: yes
configure:3033: checking for g++
configure:3049: found /usr/bin/g++
configure:3060: result: g++
configure:3087: checking for C++ compiler version
configure:3096: g++ --version >&5
g++ (Ubuntu 4.8.4-2ubuntu1~14.04.3) 4.8.4
Copyright (C) 2013 Free Software Foundation, Inc.
This is free software; see the source for copying conditions.  There is NO
warranty; not even for MERCHANTABILITY or FITNESS FOR A PARTICULAR PURPOSE.

configure:3107: $? = 0
configure:3096: g++ -v >&5
Using built-in specs.
COLLECT_GCC=g++
COLLECT_LTO_WRAPPER=/usr/lib/gcc/x86_64-linux-gnu/4.8/lto-wrapper
Target: x86_64-linux-gnu
Configured with: ../src/configure -v --with-pkgversion='Ubuntu 4.8.4-2ubuntu1~14.04.3' --with-bugurl=file:///usr/share/doc/gcc-4.8/README.Bugs --enable-languages=c,c++,java,go,d,fortran,objc,obj-c++ --prefix=/usr --program-suffix=-4.8 --enable-shared --enable-linker-build-id --libexecdir=/usr/lib --without-included-gettext --enable-threads=posix --with-gxx-include-dir=/usr/include/c++/4.8 --libdir=/usr/lib --enable-nls --with-sysroot=/ --enable-clocale=gnu --enable-libstdcxx-debug --enable-libstdcxx-time=yes --enable-gnu-unique-object --disable-libmudflap --enable-plugin --with-system-zlib --disable-browser-plugin --enable-java-awt=gtk --enable-gtk-cairo --with-java-home=/usr/lib/jvm/java-1.5.0-gcj-4.8-amd64/jre --enable-java-home --with-jvm-root-dir=/usr/lib/jvm/java-1.5.0-gcj-4.8-amd64 --with-jvm-jar-dir=/usr/lib/jvm-exports/java-1.5.0-gcj-4.8-amd64 --with-arch-directory=amd64 --with-ecj-jar=/usr/share/java/eclipse-ecj.jar --enable-objc-gc --enable-multiarch --disable-werror --with-arch-32=i686 --with-abi=m64 --with-multilib-list=m32,m64,mx32 --with-tune=generic --enable-checking=release --build=x86_64-linux-gnu --host=x86_64-linux-gnu --target=x86_64-linux-gnu
Thread model: posix
gcc version 4.8.4 (Ubuntu 4.8.4-2ubuntu1~14.04.3) 
configure:3107: $? = 0
configure:3096: g++ -V >&5
g++: error: unrecognized command line option '-V'
g++: fatal error: no input files
compilation terminated.
configure:3107: $? = 4
configure:3096: g++ -qversion >&5
g++: error: unrecognized command line option '-qversion'
g++: fatal error: no input files
compilation terminated.
configure:3107: $? = 4
configure:3127: checking whether the C++ compiler works
configure:3149: g++  -I/usr/local/dataseries/include 		-I/usr/include/libxml2   conftest.cpp  >&5
configure:3153: $? = 0
configure:3201: result: yes
configure:3204: checking for C++ compiler default output file name
configure:3206: result: a.out
configure:3212: checking for suffix of executables
configure:3219: g++ -o conftest  -I/usr/local/dataseries/include 		-I/usr/include/libxml2   conftest.cpp  >&5
configure:3223: $? = 0
configure:3245: result: 
configure:3267: checking whether we are cross compiling
configure:3275: g++ -o conftest  -I/usr/local/dataseries/include 		-I/usr/include/libxml2   conftest.cpp  >&5
configure:3279: $? = 0
configure:3286: ./conftest
configure:3290: $? = 0
configure:3305: result: no
configure:3310: checking for suffix of object files
configure:3332: g++ -c  -I/usr/local/dataseries/include 		-I/usr/include/libxml2  conftest.cpp >&5
configure:3336: $? = 0
configure:3357: result: o
configure:3361: checking whether we are using the GNU C++ compiler
configure:3380: g++ -c  -I/usr/local/dataseries/include 		-I/usr/include/libxml2  conftest.cpp >&5
configure:3380: $? = 0
configure:3389: result: yes
configure:3398: checking whether g++ accepts -g
configure:3418: g++ -c -g  conftest.cpp >&5
configure:3418: $? = 0
configure:3459: result: yes
configure:3493: checking for style of include used by make
configure:3521: result: GNU
configure:3547: checking dependency style of g++
configure:3658: result: gcc3
configure:3721: checking for gcc
configure:3737: found /usr/bin/gcc
configure:3748: result: gcc
configure:3977: checking for C compiler version
configure:3986: gcc --version >&5
gcc (Ubuntu 4.8.4-2ubuntu1~14.04.3) 4.8.4
Copyright (C) 2013 Free Software Foundation, Inc.
This is free software; see the source for copying conditions.  There is NO
warranty; not even for MERCHANTABILITY or FITNESS FOR A PARTICULAR PURPOSE.

configure:3997: $? = 0
configure:3986: gcc -v >&5
Using built-in specs.
COLLECT_GCC=gcc
COLLECT_LTO_WRAPPER=/usr/lib/gcc/x86_64-linux-gnu/4.8/lto-wrapper
Target: x86_64-linux-gnu
Configured with: ../src/configure -v --with-pkgversion='Ubuntu 4.8.4-2ubuntu1~14.04.3' --with-bugurl=file:///usr/share/doc/gcc-4.8/README.Bugs --enable-languages=c,c++,java,go,d,fortran,objc,obj-c++ --prefix=/usr --program-suffix=-4.8 --enable-shared --enable-linker-build-id --libexecdir=/usr/lib --without-included-gettext --enable-threads=posix --with-gxx-include-dir=/usr/include/c++/4.8 --libdir=/usr/lib --enable-nls --with-sysroot=/ --enable-clocale=gnu --enable-libstdcxx-debug --enable-libstdcxx-time=yes --enable-gnu-unique-object --disable-libmudflap --enable-plugin --with-system-zlib --disable-browser-plugin --enable-java-awt=gtk --enable-gtk-cairo --with-java-home=/usr/lib/jvm/java-1.5.0-gcj-4.8-amd64/jre --enable-java-home --with-jvm-root-dir=/usr/lib/jvm/java-1.5.0-gcj-4.8-amd64 --with-jvm-jar-dir=/usr/lib/jvm-exports/java-1.5.0-gcj-4.8-amd64 --with-arch-directory=amd64 --with-ecj-jar=/usr/share/java/eclipse-ecj.jar --enable-objc-gc --enable-multiarch --disable-werror --with-arch-32=i686 --with-abi=m64 --with-multilib-list=m32,m64,mx32 --with-tune=generic --enable-checking=release --build=x86_64-linux-gnu --host=x86_64-linux-gnu --target=x86_64-linux-gnu
Thread model: posix
gcc version 4.8.4 (Ubuntu 4.8.4-2ubuntu1~14.04.3) 
configure:3997: $? = 0
configure:3986: gcc -V >&5
gcc: error: unrecognized command line option '-V'
gcc: fatal error: no input files
compilation terminated.
configure:3997: $? = 4
configure:3986: gcc -qversion >&5
gcc: error: unrecognized command line option '-qversion'
gcc: fatal error: no input files
compilation terminated.
configure:3997: $? = 4
configure:4001: checking whether we are using the GNU C compiler
configure:4020: gcc -c   conftest.c >&5
configure:4020: $? = 0
configure:4029: result: yes
configure:4038: checking whether gcc accepts -g
configure:4058: gcc -c -g  conftest.c >&5
configure:4058: $? = 0
configure:4099: result: yes
configure:4116: checking for gcc option to accept ISO C89
configure:4179: gcc  -c -g -O2  conftest.c >&5
configure:4179: $? = 0
configure:4192: result: none needed
configure:4217: checking whether gcc understands -c and -o together
configure:4239: gcc -c conftest.c -o conftest2.o
configure:4242: $? = 0
configure:4239: gcc -c conftest.c -o conftest2.o
configure:4242: $? = 0
configure:4254: result: yes
configure:4273: checking dependency style of gcc
configure:4384: result: gcc3
configure:4404: checking how to run the C preprocessor
configure:4435: gcc -E  conftest.c
configure:4435: $? = 0
configure:4449: gcc -E  conftest.c
conftest.c:11:28: fatal error: ac_nonexistent.h: No such file or directory
 #include <ac_nonexistent.h>
                            ^
compilation terminated.
configure:4449: $? = 1
configure: failed program was:
| /* confdefs.h */
| #define PACKAGE_NAME "strace2ds"
| #define PACKAGE_TARNAME "strace2ds"
| #define PACKAGE_VERSION "1.0"
| #define PACKAGE_STRING "strace2ds 1.0"
| #define PACKAGE_BUGREPORT "ezk@fsl.cs.sunysb.edu"
| #define PACKAGE_URL ""
| #define PACKAGE "strace2ds"
| #define VERSION "1.0"
| /* end confdefs.h.  */
| #include <ac_nonexistent.h>
configure:4474: result: gcc -E
configure:4494: gcc -E  conftest.c
configure:4494: $? = 0
configure:4508: gcc -E  conftest.c
conftest.c:11:28: fatal error: ac_nonexistent.h: No such file or directory
 #include <ac_nonexistent.h>
                            ^
compilation terminated.
configure:4508: $? = 1
configure: failed program was:
| /* confdefs.h */
| #define PACKAGE_NAME "strace2ds"
| #define PACKAGE_TARNAME "strace2ds"
| #define PACKAGE_VERSION "1.0"
| #define PACKAGE_STRING "strace2ds 1.0"
| #define PACKAGE_BUGREPORT "ezk@fsl.cs.sunysb.edu"
| #define PACKAGE_URL ""
| #define PACKAGE "strace2ds"
| #define VERSION "1.0"
| /* end confdefs.h.  */
| #include <ac_nonexistent.h>
configure:4565: checking build system type
configure:4579: result: x86_64-unknown-linux-gnu
configure:4599: checking host system type
configure:4612: result: x86_64-unknown-linux-gnu
configure:4653: checking how to print strings
configure:4680: result: printf
configure:4701: checking for a sed that does not truncate output
configure:4765: result: /bin/sed
configure:4783: checking for grep that handles long lines and -e
configure:4841: result: /bin/grep
configure:4846: checking for egrep
configure:4908: result: /bin/grep -E
configure:4913: checking for fgrep
configure:4975: result: /bin/grep -F
configure:5010: checking for ld used by gcc
configure:5077: result: /usr/bin/ld
configure:5084: checking if the linker (/usr/bin/ld) is GNU ld
configure:5099: result: yes
configure:5111: checking for BSD- or MS-compatible name lister (nm)
configure:5160: result: /usr/bin/nm -B
configure:5290: checking the name lister (/usr/bin/nm -B) interface
configure:5297: gcc -c -g -O2  conftest.c >&5
configure:5300: /usr/bin/nm -B "conftest.o"
configure:5303: output
0000000000000000 B some_variable
configure:5310: result: BSD nm
configure:5313: checking whether ln -s works
configure:5317: result: yes
configure:5325: checking the maximum length of command line arguments
configure:5456: result: 1572864
configure:5473: checking whether the shell understands some XSI constructs
configure:5483: result: yes
configure:5487: checking whether the shell understands "+="
configure:5493: result: yes
configure:5528: checking how to convert x86_64-unknown-linux-gnu file names to x86_64-unknown-linux-gnu format
configure:5568: result: func_convert_file_noop
configure:5575: checking how to convert x86_64-unknown-linux-gnu file names to toolchain format
configure:5595: result: func_convert_file_noop
configure:5602: checking for /usr/bin/ld option to reload object files
configure:5609: result: -r
configure:5683: checking for objdump
configure:5699: found /usr/bin/objdump
configure:5710: result: objdump
configure:5742: checking how to recognize dependent libraries
configure:5940: result: pass_all
configure:6025: checking for dlltool
configure:6055: result: no
configure:6085: checking how to associate runtime and link libraries
configure:6112: result: printf %s\n
configure:6173: checking for ar
configure:6189: found /usr/bin/ar
configure:6200: result: ar
configure:6237: checking for archiver @FILE support
configure:6254: gcc -c -g -O2  conftest.c >&5
configure:6254: $? = 0
configure:6257: ar cru libconftest.a @conftest.lst >&5
configure:6260: $? = 0
configure:6265: ar cru libconftest.a @conftest.lst >&5
ar: conftest.o: No such file or directory
configure:6268: $? = 1
configure:6280: result: @
configure:6338: checking for strip
configure:6354: found /usr/bin/strip
configure:6365: result: strip
configure:6437: checking for ranlib
configure:6453: found /usr/bin/ranlib
configure:6464: result: ranlib
configure:6566: checking command to parse /usr/bin/nm -B output from gcc object
configure:6686: gcc -c -g -O2  conftest.c >&5
configure:6689: $? = 0
configure:6693: /usr/bin/nm -B conftest.o \| sed -n -e 's/^.*[ ]\([ABCDGIRSTW][ABCDGIRSTW]*\)[ ][ ]*\([_A-Za-z][_A-Za-z0-9]*\)$/\1 \2 \2/p' | sed '/ __gnu_lto/d' \> conftest.nm
configure:6696: $? = 0
configure:6762: gcc -o conftest -g -O2   conftest.c conftstm.o >&5
configure:6765: $? = 0
configure:6803: result: ok
configure:6840: checking for sysroot
configure:6870: result: no
configure:6947: gcc -c -g -O2  conftest.c >&5
configure:6950: $? = 0
configure:7139: checking for mt
configure:7155: found /bin/mt
configure:7166: result: mt
configure:7189: checking if mt is a manifest tool
configure:7195: mt '-?'
configure:7203: result: no
configure:7841: checking for ANSI C header files
configure:7861: gcc -c -g -O2  conftest.c >&5
configure:7861: $? = 0
configure:7934: gcc -o conftest -g -O2   conftest.c  >&5
configure:7934: $? = 0
configure:7934: ./conftest
configure:7934: $? = 0
configure:7945: result: yes
configure:7958: checking for sys/types.h
configure:7958: gcc -c -g -O2  conftest.c >&5
configure:7958: $? = 0
configure:7958: result: yes
configure:7958: checking for sys/stat.h
configure:7958: gcc -c -g -O2  conftest.c >&5
configure:7958: $? = 0
configure:7958: result: yes
configure:7958: checking for stdlib.h
configure:7958: gcc -c -g -O2  conftest.c >&5
configure:7958: $? = 0
configure:7958: result: yes
configure:7958: checking for string.h
configure:7958: gcc -c -g -O2  conftest.c >&5
configure:7958: $? = 0
configure:7958: result: yes
configure:7958: checking for memory.h
configure:7958: gcc -c -g -O2  conftest.c >&5
configure:7958: $? = 0
configure:7958: result: yes
configure:7958: checking for strings.h
configure:7958: gcc -c -g -O2  conftest.c >&5
configure:7958: $? = 0
configure:7958: result: yes
configure:7958: checking for inttypes.h
configure:7958: gcc -c -g -O2  conftest.c >&5
configure:7958: $? = 0
configure:7958: result: yes
configure:7958: checking for stdint.h
configure:7958: gcc -c -g -O2  conftest.c >&5
configure:7958: $? = 0
configure:7958: result: yes
configure:7958: checking for unistd.h
configure:7958: gcc -c -g -O2  conftest.c >&5
configure:7958: $? = 0
configure:7958: result: yes
configure:7972: checking for dlfcn.h
configure:7972: gcc -c -g -O2  conftest.c >&5
configure:7972: $? = 0
configure:7972: result: yes
configure:8189: checking for objdir
configure:8204: result: .libs
configure:8475: checking if gcc supports -fno-rtti -fno-exceptions
configure:8493: gcc -c -g -O2  -fno-rtti -fno-exceptions conftest.c >&5
cc1: warning: command line option '-fno-rtti' is valid for C++/ObjC++ but not for C [enabled by default]
configure:8497: $? = 0
configure:8510: result: no
configure:8837: checking for gcc option to produce PIC
configure:8844: result: -fPIC -DPIC
configure:8852: checking if gcc PIC flag -fPIC -DPIC works
configure:8870: gcc -c -g -O2  -fPIC -DPIC -DPIC conftest.c >&5
configure:8874: $? = 0
configure:8887: result: yes
configure:8916: checking if gcc static flag -static works
configure:8944: result: yes
configure:8959: checking if gcc supports -c -o file.o
configure:8980: gcc -c -g -O2  -o out/conftest2.o conftest.c >&5
configure:8984: $? = 0
configure:9006: result: yes
configure:9014: checking if gcc supports -c -o file.o
configure:9061: result: yes
configure:9094: checking whether the gcc linker (/usr/bin/ld -m elf_x86_64) supports shared libraries
configure:10251: result: yes
configure:10288: checking whether -lc should be explicitly linked in
configure:10296: gcc -c -g -O2  conftest.c >&5
configure:10299: $? = 0
configure:10314: gcc -shared  -fPIC -DPIC conftest.o  -v -Wl,-soname -Wl,conftest -o conftest 2\>\&1 \| /bin/grep  -lc  \>/dev/null 2\>\&1
configure:10317: $? = 0
configure:10331: result: no
configure:10491: checking dynamic linker characteristics
configure:10991: gcc -o conftest -g -O2   -Wl,-rpath -Wl,/foo conftest.c  >&5
configure:10991: $? = 0
configure:11225: result: GNU/Linux ld.so
configure:11332: checking how to hardcode library paths into programs
configure:11357: result: immediate
configure:11897: checking whether stripping libraries is possible
configure:11902: result: yes
configure:11937: checking if libtool supports shared libraries
configure:11939: result: yes
configure:11942: checking whether to build shared libraries
configure:11963: result: yes
configure:11966: checking whether to build static libraries
configure:11970: result: no
configure:11993: checking how to run the C++ preprocessor
configure:12020: g++ -E  conftest.cpp
configure:12020: $? = 0
configure:12034: g++ -E  conftest.cpp
conftest.cpp:23:28: fatal error: ac_nonexistent.h: No such file or directory
 #include <ac_nonexistent.h>
                            ^
compilation terminated.
configure:12034: $? = 1
configure: failed program was:
| /* confdefs.h */
| #define PACKAGE_NAME "strace2ds"
| #define PACKAGE_TARNAME "strace2ds"
| #define PACKAGE_VERSION "1.0"
| #define PACKAGE_STRING "strace2ds 1.0"
| #define PACKAGE_BUGREPORT "ezk@fsl.cs.sunysb.edu"
| #define PACKAGE_URL ""
| #define PACKAGE "strace2ds"
| #define VERSION "1.0"
| #define STDC_HEADERS 1
| #define HAVE_SYS_TYPES_H 1
| #define HAVE_SYS_STAT_H 1
| #define HAVE_STDLIB_H 1
| #define HAVE_STRING_H 1
| #define HAVE_MEMORY_H 1
| #define HAVE_STRINGS_H 1
| #define HAVE_INTTYPES_H 1
| #define HAVE_STDINT_H 1
| #define HAVE_UNISTD_H 1
| #define HAVE_DLFCN_H 1
| #define LT_OBJDIR ".libs/"
| /* end confdefs.h.  */
| #include <ac_nonexistent.h>
configure:12059: result: g++ -E
configure:12079: g++ -E  conftest.cpp
configure:12079: $? = 0
configure:12093: g++ -E  conftest.cpp
conftest.cpp:23:28: fatal error: ac_nonexistent.h: No such file or directory
 #include <ac_nonexistent.h>
                            ^
compilation terminated.
configure:12093: $? = 1
configure: failed program was:
| /* confdefs.h */
| #define PACKAGE_NAME "strace2ds"
| #define PACKAGE_TARNAME "strace2ds"
| #define PACKAGE_VERSION "1.0"
| #define PACKAGE_STRING "strace2ds 1.0"
| #define PACKAGE_BUGREPORT "ezk@fsl.cs.sunysb.edu"
| #define PACKAGE_URL ""
| #define PACKAGE "strace2ds"
| #define VERSION "1.0"
| #define STDC_HEADERS 1
| #define HAVE_SYS_TYPES_H 1
| #define HAVE_SYS_STAT_H 1
| #define HAVE_STDLIB_H 1
| #define HAVE_STRING_H 1
| #define HAVE_MEMORY_H 1
| #define HAVE_STRINGS_H 1
| #define HAVE_INTTYPES_H 1
| #define HAVE_STDINT_H 1
| #define HAVE_UNISTD_H 1
| #define HAVE_DLFCN_H 1
| #define LT_OBJDIR ".libs/"
| /* end confdefs.h.  */
| #include <ac_nonexistent.h>
configure:12262: checking for ld used by g++
configure:12329: result: /usr/bin/ld -m elf_x86_64
configure:12336: checking if the linker (/usr/bin/ld -m elf_x86_64) is GNU ld
configure:12351: result: yes
configure:12406: checking whether the g++ linker (/usr/bin/ld -m elf_x86_64) supports shared libraries
configure:13408: result: yes
configure:13444: g++ -c  -I/usr/local/dataseries/include 		-I/usr/include/libxml2  conftest.cpp >&5
configure:13447: $? = 0
configure:13967: checking for g++ option to produce PIC
configure:13974: result: -fPIC -DPIC
configure:13982: checking if g++ PIC flag -fPIC -DPIC works
configure:14000: g++ -c  -I/usr/local/dataseries/include 		-I/usr/include/libxml2  -fPIC -DPIC -DPIC conftest.cpp >&5
configure:14004: $? = 0
configure:14017: result: yes
configure:14040: checking if g++ static flag -static works
configure:14068: result: yes
configure:14080: checking if g++ supports -c -o file.o
configure:14101: g++ -c  -I/usr/local/dataseries/include 		-I/usr/include/libxml2  -o out/conftest2.o conftest.cpp >&5
configure:14105: $? = 0
configure:14127: result: yes
configure:14132: checking if g++ supports -c -o file.o
configure:14179: result: yes
configure:14209: checking whether the g++ linker (/usr/bin/ld -m elf_x86_64) supports shared libraries
configure:14248: result: yes
configure:14389: checking dynamic linker characteristics
configure:15057: result: GNU/Linux ld.so
configure:15110: checking how to hardcode library paths into programs
configure:15135: result: immediate
configure:15198: checking for dataseriesVersion in -lDataSeries
configure:15223: gcc -o conftest -g -O2   conftest.c -lDataSeries   >&5
/usr/bin/ld: cannot find -lDataSeries
collect2: error: ld returned 1 exit status
configure:15223: $? = 1
configure: failed program was:
| /* confdefs.h */
| #define PACKAGE_NAME "strace2ds"
| #define PACKAGE_TARNAME "strace2ds"
| #define PACKAGE_VERSION "1.0"
| #define PACKAGE_STRING "strace2ds 1.0"
| #define PACKAGE_BUGREPORT "ezk@fsl.cs.sunysb.edu"
| #define PACKAGE_URL ""
| #define PACKAGE "strace2ds"
| #define VERSION "1.0"
| #define STDC_HEADERS 1
| #define HAVE_SYS_TYPES_H 1
| #define HAVE_SYS_STAT_H 1
| #define HAVE_STDLIB_H 1
| #define HAVE_STRING_H 1
| #define HAVE_MEMORY_H 1
| #define HAVE_STRINGS_H 1
| #define HAVE_INTTYPES_H 1
| #define HAVE_STDINT_H 1
| #define HAVE_UNISTD_H 1
| #define HAVE_DLFCN_H 1
| #define LT_OBJDIR ".libs/"
| /* end confdefs.h.  */
| 
| /* Override any GCC internal prototype to avoid an error.
|    Use char because int might match the return type of a GCC
|    builtin and then its argument prototype would still apply.  */
| #ifdef __cplusplus
| extern "C"
| #endif
| char dataseriesVersion ();
| int
| main ()
| {
| return dataseriesVersion ();
|   ;
|   return 0;
| }
configure:15232: result: no
configure:15243: checking for lintelVersion in -lLintel
configure:15268: gcc -o conftest -g -O2   conftest.c -lLintel   >&5
/usr/bin/ld: cannot find -lLintel
collect2: error: ld returned 1 exit status
configure:15268: $? = 1
configure: failed program was:
| /* confdefs.h */
| #define PACKAGE_NAME "strace2ds"
| #define PACKAGE_TARNAME "strace2ds"
| #define PACKAGE_VERSION "1.0"
| #define PACKAGE_STRING "strace2ds 1.0"
| #define PACKAGE_BUGREPORT "ezk@fsl.cs.sunysb.edu"
| #define PACKAGE_URL ""
| #define PACKAGE "strace2ds"
| #define VERSION "1.0"
| #define STDC_HEADERS 1
| #define HAVE_SYS_TYPES_H 1
| #define HAVE_SYS_STAT_H 1
| #define HAVE_STDLIB_H 1
| #define HAVE_STRING_H 1
| #define HAVE_MEMORY_H 1
| #define HAVE_STRINGS_H 1
| #define HAVE_INTTYPES_H 1
| #define HAVE_STDINT_H 1
| #define HAVE_UNISTD_H 1
| #define HAVE_DLFCN_H 1
| #define LT_OBJDIR ".libs/"
| /* end confdefs.h.  */
| 
| /* Override any GCC internal prototype to avoid an error.
|    Use char because int might match the return type of a GCC
|    builtin and then its argument prototype would still apply.  */
| #ifdef __cplusplus
| extern "C"
| #endif
| char lintelVersion ();
| int
| main ()
| {
| return lintelVersion ();
|   ;
|   return 0;
| }
configure:15277: result: no
configure:15292: checking for stdbool.h that conforms to C99
configure:15359: gcc -c -g -O2  conftest.c >&5
configure:15359: $? = 0
configure:15366: result: yes
configure:15368: checking for _Bool
configure:15368: gcc -c -g -O2  conftest.c >&5
configure:15368: $? = 0
configure:15368: gcc -c -g -O2  conftest.c >&5
conftest.c: In function 'main':
conftest.c:59:20: error: expected expression before ')' token
 if (sizeof ((_Bool)))
                    ^
configure:15368: $? = 1
configure: failed program was:
| /* confdefs.h */
| #define PACKAGE_NAME "strace2ds"
| #define PACKAGE_TARNAME "strace2ds"
| #define PACKAGE_VERSION "1.0"
| #define PACKAGE_STRING "strace2ds 1.0"
| #define PACKAGE_BUGREPORT "ezk@fsl.cs.sunysb.edu"
| #define PACKAGE_URL ""
| #define PACKAGE "strace2ds"
| #define VERSION "1.0"
| #define STDC_HEADERS 1
| #define HAVE_SYS_TYPES_H 1
| #define HAVE_SYS_STAT_H 1
| #define HAVE_STDLIB_H 1
| #define HAVE_STRING_H 1
| #define HAVE_MEMORY_H 1
| #define HAVE_STRINGS_H 1
| #define HAVE_INTTYPES_H 1
| #define HAVE_STDINT_H 1
| #define HAVE_UNISTD_H 1
| #define HAVE_DLFCN_H 1
| #define LT_OBJDIR ".libs/"
| /* end confdefs.h.  */
| #include <stdio.h>
| #ifdef HAVE_SYS_TYPES_H
| # include <sys/types.h>
| #endif
| #ifdef HAVE_SYS_STAT_H
| # include <sys/stat.h>
| #endif
| #ifdef STDC_HEADERS
| # include <stdlib.h>
| # include <stddef.h>
| #else
| # ifdef HAVE_STDLIB_H
| #  include <stdlib.h>
| # endif
| #endif
| #ifdef HAVE_STRING_H
| # if !defined STDC_HEADERS && defined HAVE_MEMORY_H
| #  include <memory.h>
| # endif
| # include <string.h>
| #endif
| #ifdef HAVE_STRINGS_H
| # include <strings.h>
| #endif
| #ifdef HAVE_INTTYPES_H
| # include <inttypes.h>
| #endif
| #ifdef HAVE_STDINT_H
| # include <stdint.h>
| #endif
| #ifdef HAVE_UNISTD_H
| # include <unistd.h>
| #endif
| int
| main ()
| {
| if (sizeof ((_Bool)))
| 	    return 0;
|   ;
|   return 0;
| }
configure:15368: result: yes
configure:15379: checking for uint32_t
configure:15379: gcc -c -g -O2  conftest.c >&5
configure:15379: $? = 0
configure:15379: result: yes
configure:15507: checking that generated files are newer than configure
configure:15513: result: done
configure:15540: creating ./config.status

## ---------------------- ##
## Running config.status. ##
## ---------------------- ##

This file was extended by strace2ds config.status 1.0, which was
generated by GNU Autoconf 2.69.  Invocation command line was

  CONFIG_FILES    = 
  CONFIG_HEADERS  = 
  CONFIG_LINKS    = 
  CONFIG_COMMANDS = 
  $ ./config.status 

on trex

config.status:1144: creating Makefile
config.status:1144: creating config.h
config.status:1358: executing depfiles commands
config.status:1358: executing libtool commands

## ---------------- ##
## Cache variables. ##
## ---------------- ##

ac_cv_build=x86_64-unknown-linux-gnu
ac_cv_c_compiler_gnu=yes
ac_cv_c_uint32_t=yes
ac_cv_cxx_compiler_gnu=yes
ac_cv_env_CCC_set=
ac_cv_env_CCC_value=
ac_cv_env_CC_set=
ac_cv_env_CC_value=
ac_cv_env_CFLAGS_set=
ac_cv_env_CFLAGS_value=
ac_cv_env_CPPFLAGS_set=
ac_cv_env_CPPFLAGS_value=
ac_cv_env_CPP_set=
ac_cv_env_CPP_value=
ac_cv_env_CXXCPP_set=
ac_cv_env_CXXCPP_value=
ac_cv_env_CXXFLAGS_set=
ac_cv_env_CXXFLAGS_value=
ac_cv_env_CXX_set=
ac_cv_env_CXX_value=
ac_cv_env_LDFLAGS_set=
ac_cv_env_LDFLAGS_value=
ac_cv_env_LIBS_set=
ac_cv_env_LIBS_value=
ac_cv_env_build_alias_set=
ac_cv_env_build_alias_value=
ac_cv_env_host_alias_set=
ac_cv_env_host_alias_value=
ac_cv_env_target_alias_set=
ac_cv_env_target_alias_value=
ac_cv_header_dlfcn_h=yes
ac_cv_header_inttypes_h=yes
ac_cv_header_memory_h=yes
ac_cv_header_stdbool_h=yes
ac_cv_header_stdc=yes
ac_cv_header_stdint_h=yes
ac_cv_header_stdlib_h=yes
ac_cv_header_string_h=yes
ac_cv_header_strings_h=yes
ac_cv_header_sys_stat_h=yes
ac_cv_header_sys_types_h=yes
ac_cv_header_unistd_h=yes
ac_cv_host=x86_64-unknown-linux-gnu
ac_cv_lib_DataSeries_dataseriesVersion=no
ac_cv_lib_Lintel_lintelVersion=no
ac_cv_objext=o
ac_cv_path_EGREP='/bin/grep -E'
ac_cv_path_FGREP='/bin/grep -F'
ac_cv_path_GREP=/bin/grep
ac_cv_path_SED=/bin/sed
ac_cv_path_install='/usr/bin/install -c'
ac_cv_path_mkdir=/bin/mkdir
ac_cv_prog_AWK=gawk
ac_cv_prog_CPP='gcc -E'
ac_cv_prog_CXXCPP='g++ -E'
ac_cv_prog_ac_ct_AR=ar
ac_cv_prog_ac_ct_CC=gcc
ac_cv_prog_ac_ct_CXX=g++
ac_cv_prog_ac_ct_MANIFEST_TOOL=mt
ac_cv_prog_ac_ct_OBJDUMP=objdump
ac_cv_prog_ac_ct_RANLIB=ranlib
ac_cv_prog_ac_ct_STRIP=strip
ac_cv_prog_cc_c89=
ac_cv_prog_cc_g=yes
ac_cv_prog_cxx_g=yes
ac_cv_prog_make_make_set=yes
ac_cv_type__Bool=yes
am_cv_CC_dependencies_compiler_type=gcc3
am_cv_CXX_dependencies_compiler_type=gcc3
am_cv_make_support_nested_variables=yes
am_cv_prog_cc_c_o=yes
lt_cv_ar_at_file=@
lt_cv_archive_cmds_need_lc=no
lt_cv_deplibs_check_method=pass_all
lt_cv_file_magic_cmd='$MAGIC_CMD'
lt_cv_file_magic_test_file=
lt_cv_ld_reload_flag=-r
lt_cv_nm_interface='BSD nm'
lt_cv_objdir=.libs
lt_cv_path_LD=/usr/bin/ld
lt_cv_path_LDCXX='/usr/bin/ld -m elf_x86_64'
lt_cv_path_NM='/usr/bin/nm -B'
lt_cv_path_mainfest_tool=no
lt_cv_prog_compiler_c_o=yes
lt_cv_prog_compiler_c_o_CXX=yes
lt_cv_prog_compiler_pic='-fPIC -DPIC'
lt_cv_prog_compiler_pic_CXX='-fPIC -DPIC'
lt_cv_prog_compiler_pic_works=yes
lt_cv_prog_compiler_pic_works_CXX=yes
lt_cv_prog_compiler_rtti_exceptions=no
lt_cv_prog_compiler_static_works=yes
lt_cv_prog_compiler_static_works_CXX=yes
lt_cv_prog_gnu_ld=yes
lt_cv_prog_gnu_ldcxx=yes
lt_cv_sharedlib_from_linklib_cmd='printf %s\n'
lt_cv_shlibpath_overrides_runpath=no
lt_cv_sys_global_symbol_pipe='sed -n -e '\''s/^.*[	 ]\([ABCDGIRSTW][ABCDGIRSTW]*\)[	 ][	 ]*\([_A-Za-z][_A-Za-z0-9]*\)$/\1 \2 \2/p'\'' | sed '\''/ __gnu_lto/d'\'''
lt_cv_sys_global_symbol_to_c_name_address='sed -n -e '\''s/^: \([^ ]*\)[ ]*$/  {\"\1\", (void *) 0},/p'\'' -e '\''s/^[ABCDGIRSTW]* \([^ ]*\) \([^ ]*\)$/  {"\2", (void *) \&\2},/p'\'''
lt_cv_sys_global_symbol_to_c_name_address_lib_prefix='sed -n -e '\''s/^: \([^ ]*\)[ ]*$/  {\"\1\", (void *) 0},/p'\'' -e '\''s/^[ABCDGIRSTW]* \([^ ]*\) \(lib[^ ]*\)$/  {"\2", (void *) \&\2},/p'\'' -e '\''s/^[ABCDGIRSTW]* \([^ ]*\) \([^ ]*\)$/  {"lib\2", (void *) \&\2},/p'\'''
lt_cv_sys_global_symbol_to_cdecl='sed -n -e '\''s/^T .* \(.*\)$/extern int \1();/p'\'' -e '\''s/^[ABCDGIRSTW]* .* \(.*\)$/extern char \1;/p'\'''
lt_cv_sys_max_cmd_len=1572864
lt_cv_to_host_file_cmd=func_convert_file_noop
lt_cv_to_tool_file_cmd=func_convert_file_noop

## ----------------- ##
## Output variables. ##
## ----------------- ##

ACLOCAL='${SHELL} /home/nbrown/trace2model/strace2ds-library/missing aclocal-1.14'
AMDEPBACKSLASH='\'
AMDEP_FALSE='#'
AMDEP_TRUE=''
AMTAR='$${TAR-tar}'
AM_BACKSLASH='\'
AM_DEFAULT_V='$(AM_DEFAULT_VERBOSITY)'
AM_DEFAULT_VERBOSITY='1'
AM_V='$(V)'
AR='ar'
AUTOCONF='${SHELL} /home/nbrown/trace2model/strace2ds-library/missing autoconf'
AUTOHEADER='${SHELL} /home/nbrown/trace2model/strace2ds-library/missing autoheader'
AUTOMAKE='${SHELL} /home/nbrown/trace2model/strace2ds-library/missing automake-1.14'
AWK='gawk'
CC='gcc'
CCDEPMODE='depmode=gcc3'
CFLAGS='-g -O2'
CPP='gcc -E'
CPPFLAGS=''
CXX='g++'
CXXCPP='g++ -E'
CXXDEPMODE='depmode=gcc3'
CXXFLAGS=' -I/usr/local/dataseries/include 		-I/usr/include/libxml2'
CYGPATH_W='echo'
DEFS='-DHAVE_CONFIG_H'
DEPDIR='.deps'
DLLTOOL='false'
DSYMUTIL=''
DUMPBIN=''
ECHO_C=''
ECHO_N='-n'
ECHO_T=''
EGREP='/bin/grep -E'
EXEEXT=''
FGREP='/bin/grep -F'
GREP='/bin/grep'
INSTALL_DATA='${INSTALL} -m 644'
INSTALL_PROGRAM='${INSTALL}'
INSTALL_SCRIPT='${INSTALL}'
INSTALL_STRIP_PROGRAM='$(install_sh) -c -s'
LD='/usr/bin/ld -m elf_x86_64'
LDFLAGS=''
LIBOBJS=''
LIBS=''
LIBTOOL='$(SHELL) $(top_builddir)/libtool'
LIPO=''
LN_S='ln -s'
LTLIBOBJS=''
MAKEINFO='${SHELL} /home/nbrown/trace2model/strace2ds-library/missing makeinfo'
MANIFEST_TOOL=':'
MKDIR_P='/bin/mkdir -p'
NM='/usr/bin/nm -B'
NMEDIT=''
OBJDUMP='objdump'
OBJEXT='o'
OTOOL64=''
OTOOL=''
PACKAGE='strace2ds'
PACKAGE_BUGREPORT='ezk@fsl.cs.sunysb.edu'
PACKAGE_NAME='strace2ds'
PACKAGE_STRING='strace2ds 1.0'
PACKAGE_TARNAME='strace2ds'
PACKAGE_URL=''
PACKAGE_VERSION='1.0'
PATH_SEPARATOR=':'
RANLIB='ranlib'
SED='/bin/sed'
SET_MAKE=''
SHELL='/bin/bash'
STRIP='strip'
VERSION='1.0'
ac_ct_AR='ar'
ac_ct_CC='gcc'
ac_ct_CXX='g++'
ac_ct_DUMPBIN=''
am__EXEEXT_FALSE=''
am__EXEEXT_TRUE='#'
am__fastdepCC_FALSE='#'
am__fastdepCC_TRUE=''
am__fastdepCXX_FALSE='#'
am__fastdepCXX_TRUE=''
am__include='include'
am__isrc=' -I$(srcdir)'
am__leading_dot='.'
am__nodep='_no'
am__quote=''
am__tar='$${TAR-tar} chof - "$$tardir"'
am__untar='$${TAR-tar} xf -'
bindir='${exec_prefix}/bin'
build='x86_64-unknown-linux-gnu'
build_alias=''
build_cpu='x86_64'
build_os='linux-gnu'
build_vendor='unknown'
datadir='${datarootdir}'
datarootdir='${prefix}/share'
docdir='${datarootdir}/doc/${PACKAGE_TARNAME}'
dvidir='${docdir}'
exec_prefix='${prefix}'
host='x86_64-unknown-linux-gnu'
host_alias=''
host_cpu='x86_64'
host_os='linux-gnu'
host_vendor='unknown'
htmldir='${docdir}'
includedir='${prefix}/include'
infodir='${datarootdir}/info'
install_sh='${SHELL} /home/nbrown/trace2model/strace2ds-library/install-sh'
libdir='${exec_prefix}/lib'
libexecdir='${exec_prefix}/libexec'
localedir='${datarootdir}/locale'
localstatedir='${prefix}/var'
mandir='${datarootdir}/man'
mkdir_p='$(MKDIR_P)'
oldincludedir='/usr/include'
pdfdir='${docdir}'
prefix='/home/nbrown/strace2ds'
program_transform_name='s,x,x,'
psdir='${docdir}'
sbindir='${exec_prefix}/sbin'
sharedstatedir='${prefix}/com'
sysconfdir='${prefix}/etc'
target_alias=''

## ----------- ##
## confdefs.h. ##
## ----------- ##

/* confdefs.h */
#define PACKAGE_NAME "strace2ds"
#define PACKAGE_TARNAME "strace2ds"
#define PACKAGE_VERSION "1.0"
#define PACKAGE_STRING "strace2ds 1.0"
#define PACKAGE_BUGREPORT "ezk@fsl.cs.sunysb.edu"
#define PACKAGE_URL ""
#define PACKAGE "strace2ds"
#define VERSION "1.0"
#define STDC_HEADERS 1
#define HAVE_SYS_TYPES_H 1
#define HAVE_SYS_STAT_H 1
#define HAVE_STDLIB_H 1
#define HAVE_STRING_H 1
#define HAVE_MEMORY_H 1
#define HAVE_STRINGS_H 1
#define HAVE_INTTYPES_H 1
#define HAVE_STDINT_H 1
#define HAVE_UNISTD_H 1
#define HAVE_DLFCN_H 1
#define LT_OBJDIR ".libs/"
#define HAVE__BOOL 1

configure: exit 0
